C:\USERS\SDKWZ1-1\DOCUMENTS\VISUAL STUDIO 2010\PROJECTS\APDOS-WORKSPACE\DEBUG\DCHAT-CONNECTER.LIB
D:\PROJECTS\APDOS-CPP-PLUGINS-DCHAT\DCHAT\PROJECT.WIN32\DCHAT-CONNECTER\DEBUG\AUTH.OBJ
D:\projects\apdos-cpp-plugins-dchat\dchat\project.win32\dchat-connecter\Debug\cl.command.1.tlog
D:\projects\apdos-cpp-plugins-dchat\dchat\project.win32\dchat-connecter\Debug\CL.read.1.tlog
D:\projects\apdos-cpp-plugins-dchat\dchat\project.win32\dchat-connecter\Debug\CL.write.1.tlog
D:\PROJECTS\APDOS-CPP-PLUGINS-DCHAT\DCHAT\PROJECT.WIN32\DCHAT-CONNECTER\DEBUG\CLIENT_LISTENER_PRESENTER.OBJ
D:\PROJECTS\APDOS-CPP-PLUGINS-DCHAT\DCHAT\PROJECT.WIN32\DCHAT-CONNECTER\DEBUG\CLIENT_PRESENTER.OBJ
D:\projects\apdos-cpp-plugins-dchat\dchat\project.win32\dchat-connecter\Debug\dchat-connecter.write.1.tlog
D:\projects\apdos-cpp-plugins-dchat\dchat\project.win32\dchat-connecter\Debug\lib.command.1.tlog
D:\projects\apdos-cpp-plugins-dchat\dchat\project.win32\dchat-connecter\Debug\Lib-link.read.1.tlog
D:\projects\apdos-cpp-plugins-dchat\dchat\project.win32\dchat-connecter\Debug\Lib-link.write.1.tlog
D:\PROJECTS\APDOS-CPP-PLUGINS-DCHAT\DCHAT\PROJECT.WIN32\DCHAT-CONNECTER\DEBUG\NOTIFY_ADD_ROOM.OBJ
D:\PROJECTS\APDOS-CPP-PLUGINS-DCHAT\DCHAT\PROJECT.WIN32\DCHAT-CONNECTER\DEBUG\NOTIFY_JOIN_ROOM.OBJ
D:\PROJECTS\APDOS-CPP-PLUGINS-DCHAT\DCHAT\PROJECT.WIN32\DCHAT-CONNECTER\DEBUG\NOTIFY_LEAVE_ROOM.OBJ
D:\PROJECTS\APDOS-CPP-PLUGINS-DCHAT\DCHAT\PROJECT.WIN32\DCHAT-CONNECTER\DEBUG\NOTIFY_USER_CHAT.OBJ
D:\PROJECTS\APDOS-CPP-PLUGINS-DCHAT\DCHAT\PROJECT.WIN32\DCHAT-CONNECTER\DEBUG\NULL_USER.OBJ
D:\PROJECTS\APDOS-CPP-PLUGINS-DCHAT\DCHAT\PROJECT.WIN32\DCHAT-CONNECTER\DEBUG\REQ_ADD_ROOM.OBJ
D:\PROJECTS\APDOS-CPP-PLUGINS-DCHAT\DCHAT\PROJECT.WIN32\DCHAT-CONNECTER\DEBUG\REQ_JOIN_ROOM.OBJ
D:\PROJECTS\APDOS-CPP-PLUGINS-DCHAT\DCHAT\PROJECT.WIN32\DCHAT-CONNECTER\DEBUG\REQ_LEAVE_ROOM.OBJ
D:\PROJECTS\APDOS-CPP-PLUGINS-DCHAT\DCHAT\PROJECT.WIN32\DCHAT-CONNECTER\DEBUG\REQ_LOGIN.OBJ
D:\PROJECTS\APDOS-CPP-PLUGINS-DCHAT\DCHAT\PROJECT.WIN32\DCHAT-CONNECTER\DEBUG\REQ_LOGOUT.OBJ
D:\PROJECTS\APDOS-CPP-PLUGINS-DCHAT\DCHAT\PROJECT.WIN32\DCHAT-CONNECTER\DEBUG\REQ_USER_CHAT.OBJ
D:\PROJECTS\APDOS-CPP-PLUGINS-DCHAT\DCHAT\PROJECT.WIN32\DCHAT-CONNECTER\DEBUG\RES_ADD_ROOM.OBJ
D:\PROJECTS\APDOS-CPP-PLUGINS-DCHAT\DCHAT\PROJECT.WIN32\DCHAT-CONNECTER\DEBUG\RES_JOIN_ROOM.OBJ
D:\PROJECTS\APDOS-CPP-PLUGINS-DCHAT\DCHAT\PROJECT.WIN32\DCHAT-CONNECTER\DEBUG\RES_LEAVE_ROOM.OBJ
D:\PROJECTS\APDOS-CPP-PLUGINS-DCHAT\DCHAT\PROJECT.WIN32\DCHAT-CONNECTER\DEBUG\RES_LOGIN.OBJ
D:\PROJECTS\APDOS-CPP-PLUGINS-DCHAT\DCHAT\PROJECT.WIN32\DCHAT-CONNECTER\DEBUG\RES_LOGOUT.OBJ
D:\PROJECTS\APDOS-CPP-PLUGINS-DCHAT\DCHAT\PROJECT.WIN32\DCHAT-CONNECTER\DEBUG\RES_USER_CHAT.OBJ
D:\PROJECTS\APDOS-CPP-PLUGINS-DCHAT\DCHAT\PROJECT.WIN32\DCHAT-CONNECTER\DEBUG\ROOM.OBJ
D:\PROJECTS\APDOS-CPP-PLUGINS-DCHAT\DCHAT\PROJECT.WIN32\DCHAT-CONNECTER\DEBUG\ROOM_USER.OBJ
D:\PROJECTS\APDOS-CPP-PLUGINS-DCHAT\DCHAT\PROJECT.WIN32\DCHAT-CONNECTER\DEBUG\ROOM_USERS.OBJ
D:\PROJECTS\APDOS-CPP-PLUGINS-DCHAT\DCHAT\PROJECT.WIN32\DCHAT-CONNECTER\DEBUG\ROOMS.OBJ
D:\PROJECTS\APDOS-CPP-PLUGINS-DCHAT\DCHAT\PROJECT.WIN32\DCHAT-CONNECTER\DEBUG\USER.OBJ
D:\projects\apdos-cpp-plugins-dchat\dchat\project.win32\dchat-connecter\Debug\vc100.idb
D:\PROJECTS\APDOS-CPP-PLUGINS-DCHAT\DCHAT\PROJECT.WIN32\DCHAT-CONNECTER\DEBUG\VC100.PDB
