Build started 2/13/2015 7:12:24 PM.
     1>Project "D:\projects\apdos-cpp-plugins-dchat\dchat\project.win32\dchat-connecter\dchat-connecter.vcxproj" on node 2 (rebuild target(s)).
     1>_PrepareForClean:
         Deleting file "Debug\dchat-connecter.lastbuildstate".
       InitializeBuildStatus:
         Creating "Debug\dchat-connecter.unsuccessfulbuild" because "AlwaysCreate" was specified.
       ClCompile:
         C:\Program Files (x86)\Microsoft Visual Studio 10.0\VC\bin\CL.exe /c /ZI /nologo /W3 /WX- /Od /Oy- /D _MBCS /Gm /EHsc /RTC1 /MDd /GS /fp:precise /Zc:wchar_t /Zc:forScope /Fo"Debug\\" /Fd"Debug\vc100.pdb" /Gd /TP /analyze- /errorReport:prompt ..\..\apdos\plugins\dchat\connecter\events\notify_add_room.cpp ..\..\apdos\plugins\dchat\connecter\events\notify_join_room.cpp ..\..\apdos\plugins\dchat\connecter\events\notify_leave_room.cpp ..\..\apdos\plugins\dchat\connecter\events\notify_user_chat.cpp ..\..\apdos\plugins\dchat\connecter\events\req_add_room.cpp ..\..\apdos\plugins\dchat\connecter\events\req_join_room.cpp ..\..\apdos\plugins\dchat\connecter\events\req_leave_room.cpp ..\..\apdos\plugins\dchat\connecter\events\req_login.cpp ..\..\apdos\plugins\dchat\connecter\events\req_logout.cpp ..\..\apdos\plugins\dchat\connecter\events\req_user_chat.cpp ..\..\apdos\plugins\dchat\connecter\events\res_add_room.cpp ..\..\apdos\plugins\dchat\connecter\events\res_join_room.cpp ..\..\apdos\plugins\dchat\connecter\events\res_leave_room.cpp ..\..\apdos\plugins\dchat\connecter\events\res_login.cpp ..\..\apdos\plugins\dchat\connecter\events\res_logout.cpp ..\..\apdos\plugins\dchat\connecter\events\res_user_chat.cpp ..\..\apdos\plugins\dchat\connecter\models\auth.cpp ..\..\apdos\plugins\dchat\connecter\models\null_user.cpp ..\..\apdos\plugins\dchat\connecter\models\room.cpp ..\..\apdos\plugins\dchat\connecter\models\rooms.cpp ..\..\apdos\plugins\dchat\connecter\models\room_user.cpp ..\..\apdos\plugins\dchat\connecter\models\room_users.cpp ..\..\apdos\plugins\dchat\connecter\models\user.cpp ..\..\apdos\plugins\dchat\connecter\presenters\client_listener_presenter.cpp ..\..\apdos\plugins\dchat\connecter\presenters\client_presenter.cpp
         client_presenter.cpp
         Please define _WIN32_WINNT or _WIN32_WINDOWS appropriately. For example:
         - add -D_WIN32_WINNT=0x0501 to the compiler command line; or
         - add _WIN32_WINNT=0x0501 to your project's Preprocessor Definitions.
         Assuming _WIN32_WINNT=0x0501 (i.e. Windows XP target).
         client_listener_presenter.cpp
         Please define _WIN32_WINNT or _WIN32_WINDOWS appropriately. For example:
         - add -D_WIN32_WINNT=0x0501 to the compiler command line; or
         - add _WIN32_WINNT=0x0501 to your project's Preprocessor Definitions.
         Assuming _WIN32_WINNT=0x0501 (i.e. Windows XP target).
     1>d:\projects\apdos-cpp-plugins-dchat\dchat\apdos\plugins\dchat\connecter\presenters\client_listener_presenter.cpp(53): warning C4018: '<' : signed/unsigned mismatch
         user.cpp
         room_users.cpp
         room_user.cpp
         rooms.cpp
         room.cpp
         null_user.cpp
         auth.cpp
         res_user_chat.cpp
         res_logout.cpp
         res_login.cpp
         res_leave_room.cpp
         res_join_room.cpp
         res_add_room.cpp
         req_user_chat.cpp
         req_logout.cpp
         req_login.cpp
         req_leave_room.cpp
         req_join_room.cpp
         Generating Code...
         Compiling...
         req_add_room.cpp
         notify_user_chat.cpp
         notify_leave_room.cpp
         notify_join_room.cpp
         notify_add_room.cpp
         Generating Code...
       Lib:
         C:\Program Files (x86)\Microsoft Visual Studio 10.0\VC\bin\Lib.exe /OUT:"C:\Users\sdkwz1-1\documents\visual studio 2010\Projects\apdos-workspace\Debug\dchat-connecter.lib" /NOLOGO Debug\notify_add_room.obj
         Debug\notify_join_room.obj
         Debug\notify_leave_room.obj
         Debug\notify_user_chat.obj
         Debug\req_add_room.obj
         Debug\req_join_room.obj
         Debug\req_leave_room.obj
         Debug\req_login.obj
         Debug\req_logout.obj
         Debug\req_user_chat.obj
         Debug\res_add_room.obj
         Debug\res_join_room.obj
         Debug\res_leave_room.obj
         Debug\res_login.obj
         Debug\res_logout.obj
         Debug\res_user_chat.obj
         Debug\auth.obj
         Debug\null_user.obj
         Debug\room.obj
         Debug\rooms.obj
         Debug\room_user.obj
         Debug\room_users.obj
         Debug\user.obj
         Debug\client_listener_presenter.obj
         Debug\client_presenter.obj
         dchat-connecter.vcxproj -> C:\Users\sdkwz1-1\documents\visual studio 2010\Projects\apdos-workspace\Debug\dchat-connecter.lib
       FinalizeBuildStatus:
         Deleting file "Debug\dchat-connecter.unsuccessfulbuild".
         Touching "Debug\dchat-connecter.lastbuildstate".
     1>Done Building Project "D:\projects\apdos-cpp-plugins-dchat\dchat\project.win32\dchat-connecter\dchat-connecter.vcxproj" (rebuild target(s)).

Build succeeded.

Time Elapsed 00:00:27.08
