Build started 2/27/2015 8:28:15 PM.
     1>Project "D:\projects\apdos-cpp-plugins-dchat\dchat\project.win32\dchat-ts-cclient\dchat-ts-cclient.vcxproj" on node 2 (build target(s)).
     1>InitializeBuildStatus:
         Creating "Debug\apdos-plugins-dchat-ts-cclient.unsuccessfulbuild" because "AlwaysCreate" was specified.
       ClCompile:
         C:\Program Files (x86)\Microsoft Visual Studio 10.0\VC\bin\CL.exe /c /ZI /nologo /W3 /WX- /Od /Oy- /D WIN32 /D _DEBUG /D _CONSOLE /D _MBCS /Gm /EHsc /RTC1 /MDd /GS /fp:precise /Zc:wchar_t /Zc:forScope /Fo"Debug\\" /Fd"Debug\vc100.pdb" /Gd /TP /analyze- /errorReport:prompt "..\..\apdos\plugins\dchat\ts-cclient\main.cpp" "..\..\apdos\plugins\dchat\ts-cclient\presenters\chat_room_cmd_presenter.cpp" "..\..\apdos\plugins\dchat\ts-cclient\presenters\cmd_presenter.cpp" "..\..\apdos\plugins\dchat\ts-cclient\presenters\wait_room_cmd_presenter.cpp"
         main.cpp
         Please define _WIN32_WINNT or _WIN32_WINDOWS appropriately. For example:
         - add -D_WIN32_WINNT=0x0501 to the compiler command line; or
         - add _WIN32_WINNT=0x0501 to your project's Preprocessor Definitions.
         Assuming _WIN32_WINNT=0x0501 (i.e. Windows XP target).
     1>d:\projects\apdos-cpp-plugins-dchat\dchat\apdos\plugins\dchat\ts-cclient\main.cpp(9): warning C4067: unexpected tokens following preprocessor directive - expected a newline
         Generating Code...
         Skipping... (no relevant changes detected)
         wait_room_cmd_presenter.cpp
         cmd_presenter.cpp
         chat_room_cmd_presenter.cpp
       ManifestResourceCompile:
         All outputs are up-to-date.
       Link:
         C:\Program Files (x86)\Microsoft Visual Studio 10.0\VC\bin\link.exe /ERRORREPORT:PROMPT /OUT:"C:\Users\sdkwz1-1\documents\visual studio 2010\Projects\apdos-workspace\Debug\apdos-plugins-dchat-ts-cclient.exe" /INCREMENTAL /NOLOGO /LIBPATH:"C:\Users\sdkwz1-1\documents\visual studio 2010\Projects\apdos-workspace\Debug\\" apdos.lib "apdos-plugins-dchat-connecter.lib" "apdos-plugins-ts-net.lib" kernel32.lib user32.lib gdi32.lib winspool.lib comdlg32.lib advapi32.lib shell32.lib ole32.lib oleaut32.lib uuid.lib odbc32.lib odbccp32.lib /MANIFEST /ManifestFile:"Debug\apdos-plugins-dchat-ts-cclient.exe.intermediate.manifest" /MANIFESTUAC:"level='asInvoker' uiAccess='false'" /DEBUG /PDB:"C:\Users\sdkwz1-1\documents\visual studio 2010\Projects\apdos-workspace\Debug\apdos-plugins-dchat-ts-cclient.pdb" /SUBSYSTEM:CONSOLE /TLBID:1 /DYNAMICBASE /NXCOMPAT /IMPLIB:"C:\Users\sdkwz1-1\documents\visual studio 2010\Projects\apdos-workspace\Debug\apdos-plugins-dchat-ts-cclient.lib" /MACHINE:X86 "Debug\apdos-plugins-dchat-ts-cclient.exe.embed.manifest.res"
         Debug\main.obj
         Debug\line_input_event.obj
         Debug\line_input.obj
         Debug\chat_room_cmd_presenter.obj
         Debug\cmd_presenter.obj
         Debug\wait_room_cmd_presenter.obj
       Manifest:
         C:\Program Files (x86)\Microsoft SDKs\Windows\v7.0A\bin\mt.exe /nologo /verbose /out:"Debug\apdos-plugins-dchat-ts-cclient.exe.embed.manifest" /manifest "Debug\apdos-plugins-dchat-ts-cclient.exe.intermediate.manifest"
         All outputs are up-to-date.
       LinkEmbedManifest:
         All outputs are up-to-date.
         dchat-ts-cclient.vcxproj -> C:\Users\sdkwz1-1\documents\visual studio 2010\Projects\apdos-workspace\Debug\apdos-plugins-dchat-ts-cclient.exe
       FinalizeBuildStatus:
         Deleting file "Debug\apdos-plugins-dchat-ts-cclient.unsuccessfulbuild".
         Touching "Debug\apdos-plugins-dchat-ts-cclient.lastbuildstate".
     1>Done Building Project "D:\projects\apdos-cpp-plugins-dchat\dchat\project.win32\dchat-ts-cclient\dchat-ts-cclient.vcxproj" (build target(s)).

Build succeeded.

Time Elapsed 00:00:06.18
