Build started 2/9/2015 12:05:17 PM.
     1>Project "D:\projects\apdos-cpp-plugins-dchat-connecter\src\trunk\dchat_connecter\cclient\cclient.vcxproj" on node 2 (build target(s)).
     1>InitializeBuildStatus:
         Touching "Debug\cclient.unsuccessfulbuild".
       ClCompile:
         C:\Program Files (x86)\Microsoft Visual Studio 10.0\VC\bin\CL.exe /c /ZI /nologo /W3 /WX- /Od /Oy- /D WIN32 /D _DEBUG /D _CONSOLE /D _MBCS /Gm /EHsc /RTC1 /MDd /GS /fp:precise /Zc:wchar_t /Zc:forScope /Fo"Debug\\" /Fd"Debug\vc100.pdb" /Gd /TP /analyze- /errorReport:prompt main.cpp models\events\line_input_event.cpp models\line_input.cpp presenters\chat_room_cmd_presenter.cpp presenters\cmd_presenter.cpp presenters\wait_room_cmd_presenter.cpp
         wait_room_cmd_presenter.cpp
         Please define _WIN32_WINNT or _WIN32_WINDOWS appropriately. For example:
         - add -D_WIN32_WINNT=0x0501 to the compiler command line; or
         - add _WIN32_WINNT=0x0501 to your project's Preprocessor Definitions.
         Assuming _WIN32_WINNT=0x0501 (i.e. Windows XP target).
         cmd_presenter.cpp
         Please define _WIN32_WINNT or _WIN32_WINDOWS appropriately. For example:
         - add -D_WIN32_WINNT=0x0501 to the compiler command line; or
         - add _WIN32_WINNT=0x0501 to your project's Preprocessor Definitions.
         Assuming _WIN32_WINNT=0x0501 (i.e. Windows XP target).
         chat_room_cmd_presenter.cpp
         Please define _WIN32_WINNT or _WIN32_WINDOWS appropriately. For example:
         - add -D_WIN32_WINNT=0x0501 to the compiler command line; or
         - add _WIN32_WINNT=0x0501 to your project's Preprocessor Definitions.
         Assuming _WIN32_WINNT=0x0501 (i.e. Windows XP target).
         line_input.cpp
         Please define _WIN32_WINNT or _WIN32_WINDOWS appropriately. For example:
         - add -D_WIN32_WINNT=0x0501 to the compiler command line; or
         - add _WIN32_WINNT=0x0501 to your project's Preprocessor Definitions.
         Assuming _WIN32_WINNT=0x0501 (i.e. Windows XP target).
         line_input_event.cpp
         main.cpp
         Please define _WIN32_WINNT or _WIN32_WINDOWS appropriately. For example:
         - add -D_WIN32_WINNT=0x0501 to the compiler command line; or
         - add _WIN32_WINNT=0x0501 to your project's Preprocessor Definitions.
         Assuming _WIN32_WINNT=0x0501 (i.e. Windows XP target).
         Generating Code...
       ManifestResourceCompile:
         C:\Program Files (x86)\Microsoft SDKs\Windows\v7.0A\bin\rc.exe /nologo /fo"Debug\cclient.exe.embed.manifest.res" Debug\cclient_manifest.rc 
       Link:
         C:\Program Files (x86)\Microsoft Visual Studio 10.0\VC\bin\link.exe /ERRORREPORT:PROMPT /OUT:"D:\sdk\cocos2d-x-2.2.4\Debug\cclient.exe" /INCREMENTAL /NOLOGO lib_dchat_connecter.lib kernel32.lib user32.lib gdi32.lib winspool.lib comdlg32.lib advapi32.lib shell32.lib ole32.lib oleaut32.lib uuid.lib odbc32.lib odbccp32.lib /MANIFEST /ManifestFile:"Debug\cclient.exe.intermediate.manifest" /MANIFESTUAC:"level='asInvoker' uiAccess='false'" /DEBUG /PDB:"D:\sdk\cocos2d-x-2.2.4\Debug\cclient.pdb" /SUBSYSTEM:CONSOLE /TLBID:1 /DYNAMICBASE /NXCOMPAT /IMPLIB:"D:\sdk\cocos2d-x-2.2.4\Debug\cclient.lib" /MACHINE:X86 Debug\cclient.exe.embed.manifest.res
         Debug\main.obj
         Debug\line_input_event.obj
         Debug\line_input.obj
         Debug\chat_room_cmd_presenter.obj
         Debug\cmd_presenter.obj
         Debug\wait_room_cmd_presenter.obj
     1>LINK : fatal error LNK1104: cannot open file 'lib_dchat_connecter.lib'
     1>Done Building Project "D:\projects\apdos-cpp-plugins-dchat-connecter\src\trunk\dchat_connecter\cclient\cclient.vcxproj" (build target(s)) -- FAILED.

Build FAILED.

Time Elapsed 00:00:18.71
