D:\PROJECTS\APDOS-CPP-PLUGINS-DCHAT\DCHAT\PROJECT.WIN32\DCHAT-CCLIENT\DEBUG\CHAT_ROOM_CMD_PRESENTER.OBJ
D:\projects\apdos-cpp-plugins-dchat\dchat\project.win32\dchat-cclient\Debug\cl.command.1.tlog
D:\projects\apdos-cpp-plugins-dchat\dchat\project.win32\dchat-cclient\Debug\CL.read.1.tlog
D:\projects\apdos-cpp-plugins-dchat\dchat\project.win32\dchat-cclient\Debug\CL.write.1.tlog
D:\PROJECTS\APDOS-CPP-PLUGINS-DCHAT\DCHAT\PROJECT.WIN32\DCHAT-CCLIENT\DEBUG\CMD_PRESENTER.OBJ
D:\projects\apdos-cpp-plugins-dchat\dchat\project.win32\dchat-cclient\Debug\dchat-cclient.exe.embed.manifest
D:\PROJECTS\APDOS-CPP-PLUGINS-DCHAT\DCHAT\PROJECT.WIN32\DCHAT-CCLIENT\DEBUG\DCHAT-CCLIENT.EXE.EMBED.MANIFEST.RES
D:\projects\apdos-cpp-plugins-dchat\dchat\project.win32\dchat-cclient\Debug\dchat-cclient.write.1.tlog
D:\projects\apdos-cpp-plugins-dchat\dchat\project.win32\dchat-cclient\Debug\dchat-cclient_manifest.rc
D:\PROJECTS\APDOS-CPP-PLUGINS-DCHAT\DCHAT\PROJECT.WIN32\DCHAT-CCLIENT\DEBUG\LINE_INPUT.OBJ
D:\PROJECTS\APDOS-CPP-PLUGINS-DCHAT\DCHAT\PROJECT.WIN32\DCHAT-CCLIENT\DEBUG\LINE_INPUT_EVENT.OBJ
D:\projects\apdos-cpp-plugins-dchat\dchat\project.win32\dchat-cclient\Debug\link.command.1.tlog
D:\projects\apdos-cpp-plugins-dchat\dchat\project.win32\dchat-cclient\Debug\link.read.1.tlog
D:\projects\apdos-cpp-plugins-dchat\dchat\project.win32\dchat-cclient\Debug\link.write.1.tlog
D:\PROJECTS\APDOS-CPP-PLUGINS-DCHAT\DCHAT\PROJECT.WIN32\DCHAT-CCLIENT\DEBUG\MAIN.OBJ
D:\projects\apdos-cpp-plugins-dchat\dchat\project.win32\dchat-cclient\Debug\rc.command.1.tlog
D:\projects\apdos-cpp-plugins-dchat\dchat\project.win32\dchat-cclient\Debug\rc.read.1.tlog
D:\projects\apdos-cpp-plugins-dchat\dchat\project.win32\dchat-cclient\Debug\rc.write.1.tlog
D:\projects\apdos-cpp-plugins-dchat\dchat\project.win32\dchat-cclient\Debug\vc100.idb
D:\PROJECTS\APDOS-CPP-PLUGINS-DCHAT\DCHAT\PROJECT.WIN32\DCHAT-CCLIENT\DEBUG\VC100.PDB
D:\PROJECTS\APDOS-CPP-PLUGINS-DCHAT\DCHAT\PROJECT.WIN32\DCHAT-CCLIENT\DEBUG\WAIT_ROOM_CMD_PRESENTER.OBJ
